<?xml version="1.0" encoding="UTF-8"?>
<testng-results ignored="0" total="1" passed="1" failed="0" skipped="0">
  <reporter-output>
  </reporter-output>
  <suite started-at="2023-05-27T20:04:48 IST" name="Default suite" finished-at="2023-05-27T20:05:00 IST" duration-ms="11282">
    <groups>
    </groups>
    <test started-at="2023-05-27T20:04:48 IST" name="Default test" finished-at="2023-05-27T20:05:00 IST" duration-ms="11282">
      <class name="com.maven.TC_Login">
        <test-method signature="login_Test()[pri:0, instance:com.maven.TC_Login@72057ecf]" started-at="2023-05-27T20:04:48 IST" name="login_Test" finished-at="2023-05-27T20:05:00 IST" duration-ms="11222" status="PASS">
          <reporter-output>
          </reporter-output>
        </test-method> <!-- login_Test -->
      </class> <!-- com.maven.TC_Login -->
    </test> <!-- Default test -->
  </suite> <!-- Default suite -->
</testng-results>
